{
  "/usr/src/unifed/packages/frontend/src/utils/apollo-client.ts": {
    "path": "/usr/src/unifed/packages/frontend/src/utils/apollo-client.ts",
    "statementMap": {
      "0": {
        "start": {
          "line": 11,
          "column": 17
        },
        "end": {
          "line": 11,
          "column": 51
        }
      },
      "1": {
        "start": {
          "line": 11,
          "column": 36
        },
        "end": {
          "line": 11,
          "column": 50
        }
      },
      "2": {
        "start": {
          "line": 12,
          "column": 17
        },
        "end": {
          "line": 12,
          "column": 72
        }
      },
      "3": {
        "start": {
          "line": 14,
          "column": 65
        },
        "end": {
          "line": 17,
          "column": 2
        }
      }
    },
    "fnMap": {
      "0": {
        "name": "(anonymous_0)",
        "decl": {
          "start": {
            "line": 11,
            "column": 30
          },
          "end": {
            "line": 11,
            "column": 31
          }
        },
        "loc": {
          "start": {
            "line": 11,
            "column": 36
          },
          "end": {
            "line": 11,
            "column": 50
          }
        },
        "line": 11
      }
    },
    "branchMap": {},
    "s": {
      "0": 53,
      "1": 79,
      "2": 53,
      "3": 53
    },
    "f": {
      "0": 79
    },
    "b": {},
    "_coverageSchema": "1a1c01bbd47fc00a2c39e90264f33305004495a9",
    "hash": "a44fcf7825706a7549afd5b3e9c2deabd6781872"
  },
  "/usr/src/unifed/packages/frontend/src/utils/accounts.ts": {
    "path": "/usr/src/unifed/packages/frontend/src/utils/accounts.ts",
    "statementMap": {
      "0": {
        "start": {
          "line": 7,
          "column": 24
        },
        "end": {
          "line": 9,
          "column": 2
        }
      },
      "1": {
        "start": {
          "line": 11,
          "column": 30
        },
        "end": {
          "line": 16,
          "column": 1
        }
      },
      "2": {
        "start": {
          "line": 18,
          "column": 30
        },
        "end": {
          "line": 18,
          "column": 72
        }
      }
    },
    "fnMap": {},
    "branchMap": {},
    "s": {
      "0": 53,
      "1": 53,
      "2": 53
    },
    "f": {},
    "b": {},
    "_coverageSchema": "1a1c01bbd47fc00a2c39e90264f33305004495a9",
    "hash": "2ace609f24d26d52a21aa29a1fc0ece3057589e5"
  },
  "/usr/src/unifed/packages/frontend/src/pages/ResetPasswordRequest.tsx": {
    "path": "/usr/src/unifed/packages/frontend/src/pages/ResetPasswordRequest.tsx",
    "statementMap": {
      "0": {
        "start": {
          "line": 7,
          "column": 26
        },
        "end": {
          "line": 7,
          "column": 41
        }
      },
      "1": {
        "start": {
          "line": 13,
          "column": 29
        },
        "end": {
          "line": 41,
          "column": 1
        }
      },
      "2": {
        "start": {
          "line": 14,
          "column": 24
        },
        "end": {
          "line": 17,
          "column": 3
        }
      },
      "3": {
        "start": {
          "line": 18,
          "column": 2
        },
        "end": {
          "line": 40,
          "column": 4
        }
      },
      "4": {
        "start": {
          "line": 26,
          "column": 10
        },
        "end": {
          "line": 26,
          "column": 66
        }
      }
    },
    "fnMap": {
      "0": {
        "name": "(anonymous_0)",
        "decl": {
          "start": {
            "line": 13,
            "column": 29
          },
          "end": {
            "line": 13,
            "column": 30
          }
        },
        "loc": {
          "start": {
            "line": 13,
            "column": 48
          },
          "end": {
            "line": 41,
            "column": 1
          }
        },
        "line": 13
      },
      "1": {
        "name": "(anonymous_1)",
        "decl": {
          "start": {
            "line": 25,
            "column": 18
          },
          "end": {
            "line": 25,
            "column": 19
          }
        },
        "loc": {
          "start": {
            "line": 25,
            "column": 48
          },
          "end": {
            "line": 27,
            "column": 9
          }
        },
        "line": 25
      }
    },
    "branchMap": {},
    "s": {
      "0": 53,
      "1": 53,
      "2": 0,
      "3": 0,
      "4": 0
    },
    "f": {
      "0": 0,
      "1": 0
    },
    "b": {},
    "_coverageSchema": "1a1c01bbd47fc00a2c39e90264f33305004495a9",
    "hash": "5247b89b6ed6bc5cf4c01493f893ebd56d12d400"
  },
  "/usr/src/unifed/packages/frontend/src/pages/ResetPassword.tsx": {
    "path": "/usr/src/unifed/packages/frontend/src/pages/ResetPassword.tsx",
    "statementMap": {
      "0": {
        "start": {
          "line": 19,
          "column": 34
        },
        "end": {
          "line": 19,
          "column": 36
        }
      },
      "1": {
        "start": {
          "line": 20,
          "column": 2
        },
        "end": {
          "line": 32,
          "column": 3
        }
      },
      "2": {
        "start": {
          "line": 21,
          "column": 4
        },
        "end": {
          "line": 29,
          "column": 7
        }
      },
      "3": {
        "start": {
          "line": 22,
          "column": 6
        },
        "end": {
          "line": 28,
          "column": 7
        }
      },
      "4": {
        "start": {
          "line": 23,
          "column": 8
        },
        "end": {
          "line": 27,
          "column": 9
        }
      },
      "5": {
        "start": {
          "line": 24,
          "column": 10
        },
        "end": {
          "line": 24,
          "column": 56
        }
      },
      "6": {
        "start": {
          "line": 26,
          "column": 10
        },
        "end": {
          "line": 26,
          "column": 56
        }
      },
      "7": {
        "start": {
          "line": 31,
          "column": 4
        },
        "end": {
          "line": 31,
          "column": 63
        }
      },
      "8": {
        "start": {
          "line": 33,
          "column": 2
        },
        "end": {
          "line": 33,
          "column": 16
        }
      },
      "9": {
        "start": {
          "line": 35,
          "column": 22
        },
        "end": {
          "line": 100,
          "column": 1
        }
      },
      "10": {
        "start": {
          "line": 36,
          "column": 20
        },
        "end": {
          "line": 36,
          "column": 39
        }
      },
      "11": {
        "start": {
          "line": 37,
          "column": 32
        },
        "end": {
          "line": 37,
          "column": 47
        }
      },
      "12": {
        "start": {
          "line": 38,
          "column": 60
        },
        "end": {
          "line": 38,
          "column": 75
        }
      },
      "13": {
        "start": {
          "line": 39,
          "column": 2
        },
        "end": {
          "line": 99,
          "column": 4
        }
      },
      "14": {
        "start": {
          "line": 48,
          "column": 8
        },
        "end": {
          "line": 54,
          "column": 9
        }
      },
      "15": {
        "start": {
          "line": 49,
          "column": 10
        },
        "end": {
          "line": 49,
          "column": 68
        }
      },
      "16": {
        "start": {
          "line": 50,
          "column": 10
        },
        "end": {
          "line": 50,
          "column": 27
        }
      },
      "17": {
        "start": {
          "line": 52,
          "column": 10
        },
        "end": {
          "line": 52,
          "column": 27
        }
      },
      "18": {
        "start": {
          "line": 53,
          "column": 10
        },
        "end": {
          "line": 53,
          "column": 41
        }
      },
      "19": {
        "start": {
          "line": 58,
          "column": 8
        },
        "end": {
          "line": 96,
          "column": 11
        }
      }
    },
    "fnMap": {
      "0": {
        "name": "validate",
        "decl": {
          "start": {
            "line": 18,
            "column": 9
          },
          "end": {
            "line": 18,
            "column": 17
          }
        },
        "loc": {
          "start": {
            "line": 18,
            "column": 48
          },
          "end": {
            "line": 34,
            "column": 1
          }
        },
        "line": 18
      },
      "1": {
        "name": "(anonymous_1)",
        "decl": {
          "start": {
            "line": 21,
            "column": 47
          },
          "end": {
            "line": 21,
            "column": 48
          }
        },
        "loc": {
          "start": {
            "line": 21,
            "column": 70
          },
          "end": {
            "line": 29,
            "column": 5
          }
        },
        "line": 21
      },
      "2": {
        "name": "(anonymous_2)",
        "decl": {
          "start": {
            "line": 35,
            "column": 22
          },
          "end": {
            "line": 35,
            "column": 23
          }
        },
        "loc": {
          "start": {
            "line": 35,
            "column": 41
          },
          "end": {
            "line": 100,
            "column": 1
          }
        },
        "line": 35
      },
      "3": {
        "name": "(anonymous_3)",
        "decl": {
          "start": {
            "line": 47,
            "column": 16
          },
          "end": {
            "line": 47,
            "column": 17
          }
        },
        "loc": {
          "start": {
            "line": 47,
            "column": 34
          },
          "end": {
            "line": 55,
            "column": 7
          }
        },
        "line": 47
      },
      "4": {
        "name": "(anonymous_4)",
        "decl": {
          "start": {
            "line": 57,
            "column": 7
          },
          "end": {
            "line": 57,
            "column": 8
          }
        },
        "loc": {
          "start": {
            "line": 58,
            "column": 8
          },
          "end": {
            "line": 96,
            "column": 11
          }
        },
        "line": 58
      }
    },
    "branchMap": {
      "0": {
        "loc": {
          "start": {
            "line": 20,
            "column": 2
          },
          "end": {
            "line": 32,
            "column": 3
          }
        },
        "type": "if",
        "locations": [
          {
            "start": {
              "line": 20,
              "column": 2
            },
            "end": {
              "line": 32,
              "column": 3
            }
          },
          {
            "start": {
              "line": 20,
              "column": 2
            },
            "end": {
              "line": 32,
              "column": 3
            }
          }
        ],
        "line": 20
      },
      "1": {
        "loc": {
          "start": {
            "line": 22,
            "column": 6
          },
          "end": {
            "line": 28,
            "column": 7
          }
        },
        "type": "if",
        "locations": [
          {
            "start": {
              "line": 22,
              "column": 6
            },
            "end": {
              "line": 28,
              "column": 7
            }
          },
          {
            "start": {
              "line": 22,
              "column": 6
            },
            "end": {
              "line": 28,
              "column": 7
            }
          }
        ],
        "line": 22
      },
      "2": {
        "loc": {
          "start": {
            "line": 23,
            "column": 8
          },
          "end": {
            "line": 27,
            "column": 9
          }
        },
        "type": "if",
        "locations": [
          {
            "start": {
              "line": 23,
              "column": 8
            },
            "end": {
              "line": 27,
              "column": 9
            }
          },
          {
            "start": {
              "line": 23,
              "column": 8
            },
            "end": {
              "line": 27,
              "column": 9
            }
          }
        ],
        "line": 23
      },
      "3": {
        "loc": {
          "start": {
            "line": 87,
            "column": 18
          },
          "end": {
            "line": 87,
            "column": 96
          }
        },
        "type": "binary-expr",
        "locations": [
          {
            "start": {
              "line": 87,
              "column": 19
            },
            "end": {
              "line": 87,
              "column": 35
            }
          },
          {
            "start": {
              "line": 87,
              "column": 39
            },
            "end": {
              "line": 87,
              "column": 55
            }
          },
          {
            "start": {
              "line": 87,
              "column": 60
            },
            "end": {
              "line": 87,
              "column": 76
            }
          },
          {
            "start": {
              "line": 87,
              "column": 80
            },
            "end": {
              "line": 87,
              "column": 96
            }
          }
        ],
        "line": 87
      },
      "4": {
        "loc": {
          "start": {
            "line": 93,
            "column": 13
          },
          "end": {
            "line": 93,
            "column": 49
          }
        },
        "type": "cond-expr",
        "locations": [
          {
            "start": {
              "line": 93,
              "column": 23
            },
            "end": {
              "line": 93,
              "column": 42
            }
          },
          {
            "start": {
              "line": 93,
              "column": 45
            },
            "end": {
              "line": 93,
              "column": 49
            }
          }
        ],
        "line": 93
      },
      "5": {
        "loc": {
          "start": {
            "line": 94,
            "column": 13
          },
          "end": {
            "line": 94,
            "column": 76
          }
        },
        "type": "cond-expr",
        "locations": [
          {
            "start": {
              "line": 94,
              "column": 37
            },
            "end": {
              "line": 94,
              "column": 69
            }
          },
          {
            "start": {
              "line": 94,
              "column": 72
            },
            "end": {
              "line": 94,
              "column": 76
            }
          }
        ],
        "line": 94
      }
    },
    "s": {
      "0": 0,
      "1": 0,
      "2": 0,
      "3": 0,
      "4": 0,
      "5": 0,
      "6": 0,
      "7": 0,
      "8": 0,
      "9": 53,
      "10": 0,
      "11": 0,
      "12": 0,
      "13": 0,
      "14": 0,
      "15": 0,
      "16": 0,
      "17": 0,
      "18": 0,
      "19": 0
    },
    "f": {
      "0": 0,
      "1": 0,
      "2": 0,
      "3": 0,
      "4": 0
    },
    "b": {
      "0": [
        0,
        0
      ],
      "1": [
        0,
        0
      ],
      "2": [
        0,
        0
      ],
      "3": [
        0,
        0,
        0,
        0
      ],
      "4": [
        0,
        0
      ],
      "5": [
        0,
        0
      ]
    },
    "_coverageSchema": "1a1c01bbd47fc00a2c39e90264f33305004495a9",
    "hash": "96b3b004f1993237b9fc3a3c7c2dd05628caec5b"
  },
  "/usr/src/unifed/packages/frontend/src/pages/404.tsx": {
    "path": "/usr/src/unifed/packages/frontend/src/pages/404.tsx",
    "statementMap": {
      "0": {
        "start": {
          "line": 5,
          "column": 20
        },
        "end": {
          "line": 5,
          "column": 35
        }
      },
      "1": {
        "start": {
          "line": 7,
          "column": 21
        },
        "end": {
          "line": 16,
          "column": 1
        }
      },
      "2": {
        "start": {
          "line": 8,
          "column": 2
        },
        "end": {
          "line": 15,
          "column": 4
        }
      }
    },
    "fnMap": {
      "0": {
        "name": "(anonymous_0)",
        "decl": {
          "start": {
            "line": 7,
            "column": 21
          },
          "end": {
            "line": 7,
            "column": 22
          }
        },
        "loc": {
          "start": {
            "line": 7,
            "column": 40
          },
          "end": {
            "line": 16,
            "column": 1
          }
        },
        "line": 7
      }
    },
    "branchMap": {},
    "s": {
      "0": 53,
      "1": 53,
      "2": 0
    },
    "f": {
      "0": 0
    },
    "b": {},
    "_coverageSchema": "1a1c01bbd47fc00a2c39e90264f33305004495a9",
    "hash": "2b95e60ab1a48707e21ee5b34934a96655ae1d77"
  },
  "/usr/src/unifed/packages/frontend/src/pages/Login.tsx": {
    "path": "/usr/src/unifed/packages/frontend/src/pages/Login.tsx",
    "statementMap": {
      "0": {
        "start": {
          "line": 15,
          "column": 2
        },
        "end": {
          "line": 28,
          "column": 3
        }
      },
      "1": {
        "start": {
          "line": 16,
          "column": 4
        },
        "end": {
          "line": 21,
          "column": 7
        }
      },
      "2": {
        "start": {
          "line": 22,
          "column": 4
        },
        "end": {
          "line": 22,
          "column": 29
        }
      },
      "3": {
        "start": {
          "line": 24,
          "column": 4
        },
        "end": {
          "line": 27,
          "column": 5
        }
      },
      "4": {
        "start": {
          "line": 26,
          "column": 6
        },
        "end": {
          "line": 26,
          "column": 31
        }
      },
      "5": {
        "start": {
          "line": 31,
          "column": 26
        },
        "end": {
          "line": 31,
          "column": 41
        }
      },
      "6": {
        "start": {
          "line": 33,
          "column": 18
        },
        "end": {
          "line": 68,
          "column": 1
        }
      },
      "7": {
        "start": {
          "line": 34,
          "column": 24
        },
        "end": {
          "line": 37,
          "column": 3
        }
      },
      "8": {
        "start": {
          "line": 38,
          "column": 2
        },
        "end": {
          "line": 67,
          "column": 4
        }
      },
      "9": {
        "start": {
          "line": 46,
          "column": 10
        },
        "end": {
          "line": 46,
          "column": 28
        }
      }
    },
    "fnMap": {
      "0": {
        "name": "loginUser",
        "decl": {
          "start": {
            "line": 14,
            "column": 15
          },
          "end": {
            "line": 14,
            "column": 24
          }
        },
        "loc": {
          "start": {
            "line": 14,
            "column": 45
          },
          "end": {
            "line": 29,
            "column": 1
          }
        },
        "line": 14
      },
      "1": {
        "name": "(anonymous_1)",
        "decl": {
          "start": {
            "line": 33,
            "column": 18
          },
          "end": {
            "line": 33,
            "column": 19
          }
        },
        "loc": {
          "start": {
            "line": 33,
            "column": 37
          },
          "end": {
            "line": 68,
            "column": 1
          }
        },
        "line": 33
      },
      "2": {
        "name": "(anonymous_2)",
        "decl": {
          "start": {
            "line": 45,
            "column": 18
          },
          "end": {
            "line": 45,
            "column": 19
          }
        },
        "loc": {
          "start": {
            "line": 45,
            "column": 30
          },
          "end": {
            "line": 47,
            "column": 9
          }
        },
        "line": 45
      }
    },
    "branchMap": {
      "0": {
        "loc": {
          "start": {
            "line": 24,
            "column": 4
          },
          "end": {
            "line": 27,
            "column": 5
          }
        },
        "type": "if",
        "locations": [
          {
            "start": {
              "line": 24,
              "column": 4
            },
            "end": {
              "line": 27,
              "column": 5
            }
          },
          {
            "start": {
              "line": 24,
              "column": 4
            },
            "end": {
              "line": 27,
              "column": 5
            }
          }
        ],
        "line": 24
      }
    },
    "s": {
      "0": 0,
      "1": 0,
      "2": 0,
      "3": 0,
      "4": 0,
      "5": 53,
      "6": 53,
      "7": 11,
      "8": 11,
      "9": 0
    },
    "f": {
      "0": 0,
      "1": 11,
      "2": 0
    },
    "b": {
      "0": [
        0,
        0
      ]
    },
    "_coverageSchema": "1a1c01bbd47fc00a2c39e90264f33305004495a9",
    "hash": "a3b75379ee18934ee2fb555f2e7107bbd9ca61c3"
  },
  "/usr/src/unifed/packages/frontend/src/pages/Register.tsx": {
    "path": "/usr/src/unifed/packages/frontend/src/pages/Register.tsx",
    "statementMap": {
      "0": {
        "start": {
          "line": 16,
          "column": 2
        },
        "end": {
          "line": 30,
          "column": 3
        }
      },
      "1": {
        "start": {
          "line": 17,
          "column": 4
        },
        "end": {
          "line": 24,
          "column": 7
        }
      },
      "2": {
        "start": {
          "line": 25,
          "column": 4
        },
        "end": {
          "line": 25,
          "column": 64
        }
      },
      "3": {
        "start": {
          "line": 27,
          "column": 4
        },
        "end": {
          "line": 29,
          "column": 5
        }
      },
      "4": {
        "start": {
          "line": 28,
          "column": 6
        },
        "end": {
          "line": 28,
          "column": 31
        }
      },
      "5": {
        "start": {
          "line": 33,
          "column": 19
        },
        "end": {
          "line": 74,
          "column": 1
        }
      },
      "6": {
        "start": {
          "line": 34,
          "column": 24
        },
        "end": {
          "line": 39,
          "column": 3
        }
      },
      "7": {
        "start": {
          "line": 40,
          "column": 2
        },
        "end": {
          "line": 73,
          "column": 4
        }
      },
      "8": {
        "start": {
          "line": 47,
          "column": 10
        },
        "end": {
          "line": 47,
          "column": 31
        }
      }
    },
    "fnMap": {
      "0": {
        "name": "registerUser",
        "decl": {
          "start": {
            "line": 15,
            "column": 15
          },
          "end": {
            "line": 15,
            "column": 27
          }
        },
        "loc": {
          "start": {
            "line": 15,
            "column": 48
          },
          "end": {
            "line": 31,
            "column": 1
          }
        },
        "line": 15
      },
      "1": {
        "name": "(anonymous_1)",
        "decl": {
          "start": {
            "line": 33,
            "column": 19
          },
          "end": {
            "line": 33,
            "column": 20
          }
        },
        "loc": {
          "start": {
            "line": 33,
            "column": 38
          },
          "end": {
            "line": 74,
            "column": 1
          }
        },
        "line": 33
      },
      "2": {
        "name": "(anonymous_2)",
        "decl": {
          "start": {
            "line": 46,
            "column": 18
          },
          "end": {
            "line": 46,
            "column": 19
          }
        },
        "loc": {
          "start": {
            "line": 46,
            "column": 30
          },
          "end": {
            "line": 48,
            "column": 9
          }
        },
        "line": 46
      }
    },
    "branchMap": {
      "0": {
        "loc": {
          "start": {
            "line": 27,
            "column": 4
          },
          "end": {
            "line": 29,
            "column": 5
          }
        },
        "type": "if",
        "locations": [
          {
            "start": {
              "line": 27,
              "column": 4
            },
            "end": {
              "line": 29,
              "column": 5
            }
          },
          {
            "start": {
              "line": 27,
              "column": 4
            },
            "end": {
              "line": 29,
              "column": 5
            }
          }
        ],
        "line": 27
      }
    },
    "s": {
      "0": 0,
      "1": 0,
      "2": 0,
      "3": 0,
      "4": 0,
      "5": 53,
      "6": 0,
      "7": 0,
      "8": 0
    },
    "f": {
      "0": 0,
      "1": 0,
      "2": 0
    },
    "b": {
      "0": [
        0,
        0
      ]
    },
    "_coverageSchema": "1a1c01bbd47fc00a2c39e90264f33305004495a9",
    "hash": "77a11adf8d4c4425ee73162ff6668011c451a147"
  },
  "/usr/src/unifed/packages/frontend/src/pages/VerifyEmail.tsx": {
    "path": "/usr/src/unifed/packages/frontend/src/pages/VerifyEmail.tsx",
    "statementMap": {
      "0": {
        "start": {
          "line": 9,
          "column": 20
        },
        "end": {
          "line": 34,
          "column": 1
        }
      },
      "1": {
        "start": {
          "line": 10,
          "column": 20
        },
        "end": {
          "line": 10,
          "column": 50
        }
      },
      "2": {
        "start": {
          "line": 11,
          "column": 21
        },
        "end": {
          "line": 11,
          "column": 26
        }
      },
      "3": {
        "start": {
          "line": 12,
          "column": 2
        },
        "end": {
          "line": 17,
          "column": 3
        }
      },
      "4": {
        "start": {
          "line": 13,
          "column": 4
        },
        "end": {
          "line": 13,
          "column": 38
        }
      },
      "5": {
        "start": {
          "line": 14,
          "column": 4
        },
        "end": {
          "line": 14,
          "column": 24
        }
      },
      "6": {
        "start": {
          "line": 16,
          "column": 4
        },
        "end": {
          "line": 16,
          "column": 21
        }
      },
      "7": {
        "start": {
          "line": 18,
          "column": 2
        },
        "end": {
          "line": 33,
          "column": 4
        }
      }
    },
    "fnMap": {
      "0": {
        "name": "(anonymous_0)",
        "decl": {
          "start": {
            "line": 9,
            "column": 20
          },
          "end": {
            "line": 9,
            "column": 21
          }
        },
        "loc": {
          "start": {
            "line": 9,
            "column": 39
          },
          "end": {
            "line": 34,
            "column": 1
          }
        },
        "line": 9
      }
    },
    "branchMap": {
      "0": {
        "loc": {
          "start": {
            "line": 20,
            "column": 7
          },
          "end": {
            "line": 30,
            "column": 7
          }
        },
        "type": "cond-expr",
        "locations": [
          {
            "start": {
              "line": 22,
              "column": 8
            },
            "end": {
              "line": 22,
              "column": 27
            }
          },
          {
            "start": {
              "line": 24,
              "column": 8
            },
            "end": {
              "line": 29,
              "column": 25
            }
          }
        ],
        "line": 20
      }
    },
    "s": {
      "0": 53,
      "1": 0,
      "2": 0,
      "3": 0,
      "4": 0,
      "5": 0,
      "6": 0,
      "7": 0
    },
    "f": {
      "0": 0
    },
    "b": {
      "0": [
        0,
        0
      ]
    },
    "_coverageSchema": "1a1c01bbd47fc00a2c39e90264f33305004495a9",
    "hash": "1820a1e4c01d54de550725090bc8f3767a75225e"
  },
  "/usr/src/unifed/packages/frontend/src/components/UserIcon.tsx": {
    "path": "/usr/src/unifed/packages/frontend/src/components/UserIcon.tsx",
    "statementMap": {
      "0": {
        "start": {
          "line": 9,
          "column": 17
        },
        "end": {
          "line": 22,
          "column": 1
        }
      },
      "1": {
        "start": {
          "line": 10,
          "column": 20
        },
        "end": {
          "line": 10,
          "column": 26
        }
      },
      "2": {
        "start": {
          "line": 11,
          "column": 21
        },
        "end": {
          "line": 14,
          "column": 3
        }
      },
      "3": {
        "start": {
          "line": 15,
          "column": 2
        },
        "end": {
          "line": 21,
          "column": 4
        }
      }
    },
    "fnMap": {
      "0": {
        "name": "(anonymous_0)",
        "decl": {
          "start": {
            "line": 9,
            "column": 17
          },
          "end": {
            "line": 9,
            "column": 18
          }
        },
        "loc": {
          "start": {
            "line": 9,
            "column": 51
          },
          "end": {
            "line": 22,
            "column": 1
          }
        },
        "line": 9
      }
    },
    "branchMap": {
      "0": {
        "loc": {
          "start": {
            "line": 16,
            "column": 40
          },
          "end": {
            "line": 16,
            "column": 69
          }
        },
        "type": "cond-expr",
        "locations": [
          {
            "start": {
              "line": 16,
              "column": 54
            },
            "end": {
              "line": 16,
              "column": 64
            }
          },
          {
            "start": {
              "line": 16,
              "column": 67
            },
            "end": {
              "line": 16,
              "column": 69
            }
          }
        ],
        "line": 16
      },
      "1": {
        "loc": {
          "start": {
            "line": 17,
            "column": 27
          },
          "end": {
            "line": 17,
            "column": 55
          }
        },
        "type": "cond-expr",
        "locations": [
          {
            "start": {
              "line": 17,
              "column": 41
            },
            "end": {
              "line": 17,
              "column": 48
            }
          },
          {
            "start": {
              "line": 17,
              "column": 51
            },
            "end": {
              "line": 17,
              "column": 55
            }
          }
        ],
        "line": 17
      }
    },
    "s": {
      "0": 53,
      "1": 258,
      "2": 258,
      "3": 258
    },
    "f": {
      "0": 258
    },
    "b": {
      "0": [
        242,
        16
      ],
      "1": [
        242,
        16
      ]
    },
    "_coverageSchema": "1a1c01bbd47fc00a2c39e90264f33305004495a9",
    "hash": "25d3a6e5dac156d67613e83ebc1bee4cbaa1ace2"
  },
  "/usr/src/unifed/packages/frontend/src/components/UserInfoCard.tsx": {
    "path": "/usr/src/unifed/packages/frontend/src/components/UserInfoCard.tsx",
    "statementMap": {
      "0": {
        "start": {
          "line": 10,
          "column": 21
        },
        "end": {
          "line": 30,
          "column": 1
        }
      },
      "1": {
        "start": {
          "line": 11,
          "column": 19
        },
        "end": {
          "line": 11,
          "column": 57
        }
      },
      "2": {
        "start": {
          "line": 12,
          "column": 2
        },
        "end": {
          "line": 29,
          "column": 4
        }
      }
    },
    "fnMap": {
      "0": {
        "name": "(anonymous_0)",
        "decl": {
          "start": {
            "line": 10,
            "column": 21
          },
          "end": {
            "line": 10,
            "column": 22
          }
        },
        "loc": {
          "start": {
            "line": 10,
            "column": 55
          },
          "end": {
            "line": 30,
            "column": 1
          }
        },
        "line": 10
      }
    },
    "branchMap": {},
    "s": {
      "0": 53,
      "1": 16,
      "2": 16
    },
    "f": {
      "0": 16
    },
    "b": {},
    "_coverageSchema": "1a1c01bbd47fc00a2c39e90264f33305004495a9",
    "hash": "260d916426fe877cd96748b21c7d1deedc63a5ff"
  },
  "/usr/src/unifed/packages/frontend/src/components/Post.tsx": {
    "path": "/usr/src/unifed/packages/frontend/src/components/Post.tsx",
    "statementMap": {
      "0": {
        "start": {
          "line": 13,
          "column": 13
        },
        "end": {
          "line": 34,
          "column": 1
        }
      },
      "1": {
        "start": {
          "line": 14,
          "column": 2
        },
        "end": {
          "line": 33,
          "column": 4
        }
      }
    },
    "fnMap": {
      "0": {
        "name": "(anonymous_0)",
        "decl": {
          "start": {
            "line": 13,
            "column": 13
          },
          "end": {
            "line": 13,
            "column": 14
          }
        },
        "loc": {
          "start": {
            "line": 13,
            "column": 49
          },
          "end": {
            "line": 34,
            "column": 1
          }
        },
        "line": 13
      }
    },
    "branchMap": {},
    "s": {
      "0": 53,
      "1": 75
    },
    "f": {
      "0": 75
    },
    "b": {},
    "_coverageSchema": "1a1c01bbd47fc00a2c39e90264f33305004495a9",
    "hash": "bf114918d21d942612d4db9f890800ebd25eaec1"
  },
  "/usr/src/unifed/packages/frontend/src/pages/PublicUserProfile.tsx": {
    "path": "/usr/src/unifed/packages/frontend/src/pages/PublicUserProfile.tsx",
    "statementMap": {
      "0": {
        "start": {
          "line": 11,
          "column": 26
        },
        "end": {
          "line": 27,
          "column": 1
        }
      },
      "1": {
        "start": {
          "line": 12,
          "column": 23
        },
        "end": {
          "line": 12,
          "column": 59
        }
      },
      "2": {
        "start": {
          "line": 14,
          "column": 15
        },
        "end": {
          "line": 14,
          "column": 61
        }
      },
      "3": {
        "start": {
          "line": 15,
          "column": 2
        },
        "end": {
          "line": 26,
          "column": 4
        }
      }
    },
    "fnMap": {
      "0": {
        "name": "(anonymous_0)",
        "decl": {
          "start": {
            "line": 11,
            "column": 26
          },
          "end": {
            "line": 11,
            "column": 27
          }
        },
        "loc": {
          "start": {
            "line": 11,
            "column": 45
          },
          "end": {
            "line": 27,
            "column": 1
          }
        },
        "line": 11
      }
    },
    "branchMap": {
      "0": {
        "loc": {
          "start": {
            "line": 14,
            "column": 15
          },
          "end": {
            "line": 14,
            "column": 61
          }
        },
        "type": "cond-expr",
        "locations": [
          {
            "start": {
              "line": 14,
              "column": 38
            },
            "end": {
              "line": 14,
              "column": 50
            }
          },
          {
            "start": {
              "line": 14,
              "column": 53
            },
            "end": {
              "line": 14,
              "column": 61
            }
          }
        ],
        "line": 14
      }
    },
    "s": {
      "0": 53,
      "1": 0,
      "2": 0,
      "3": 0
    },
    "f": {
      "0": 0
    },
    "b": {
      "0": [
        0,
        0
      ]
    },
    "_coverageSchema": "1a1c01bbd47fc00a2c39e90264f33305004495a9",
    "hash": "bc826d91c608f7cee2b3f26a55c72d6d04de61e6"
  },
  "/usr/src/unifed/packages/frontend/src/components/PostPreview.tsx": {
    "path": "/usr/src/unifed/packages/frontend/src/components/PostPreview.tsx",
    "statementMap": {
      "0": {
        "start": {
          "line": 12,
          "column": 20
        },
        "end": {
          "line": 32,
          "column": 1
        }
      },
      "1": {
        "start": {
          "line": 13,
          "column": 2
        },
        "end": {
          "line": 31,
          "column": 4
        }
      }
    },
    "fnMap": {
      "0": {
        "name": "(anonymous_0)",
        "decl": {
          "start": {
            "line": 12,
            "column": 20
          },
          "end": {
            "line": 12,
            "column": 21
          }
        },
        "loc": {
          "start": {
            "line": 12,
            "column": 56
          },
          "end": {
            "line": 32,
            "column": 1
          }
        },
        "line": 12
      }
    },
    "branchMap": {},
    "s": {
      "0": 53,
      "1": 167
    },
    "f": {
      "0": 167
    },
    "b": {},
    "_coverageSchema": "1a1c01bbd47fc00a2c39e90264f33305004495a9",
    "hash": "4e110900b45a4464f5ef265b38a0a963a923648e"
  },
  "/usr/src/unifed/packages/frontend/src/pages/Home.tsx": {
    "path": "/usr/src/unifed/packages/frontend/src/pages/Home.tsx",
    "statementMap": {
      "0": {
        "start": {
          "line": 9,
          "column": 17
        },
        "end": {
          "line": 54,
          "column": 1
        }
      },
      "1": {
        "start": {
          "line": 10,
          "column": 20
        },
        "end": {
          "line": 20,
          "column": 3
        }
      },
      "2": {
        "start": {
          "line": 22,
          "column": 35
        },
        "end": {
          "line": 22,
          "column": 54
        }
      },
      "3": {
        "start": {
          "line": 24,
          "column": 2
        },
        "end": {
          "line": 24,
          "column": 78
        }
      },
      "4": {
        "start": {
          "line": 24,
          "column": 15
        },
        "end": {
          "line": 24,
          "column": 78
        }
      },
      "5": {
        "start": {
          "line": 25,
          "column": 2
        },
        "end": {
          "line": 25,
          "column": 81
        }
      },
      "6": {
        "start": {
          "line": 25,
          "column": 13
        },
        "end": {
          "line": 25,
          "column": 81
        }
      },
      "7": {
        "start": {
          "line": 27,
          "column": 2
        },
        "end": {
          "line": 53,
          "column": 4
        }
      },
      "8": {
        "start": {
          "line": 36,
          "column": 14
        },
        "end": {
          "line": 43,
          "column": 16
        }
      }
    },
    "fnMap": {
      "0": {
        "name": "(anonymous_0)",
        "decl": {
          "start": {
            "line": 9,
            "column": 17
          },
          "end": {
            "line": 9,
            "column": 18
          }
        },
        "loc": {
          "start": {
            "line": 9,
            "column": 23
          },
          "end": {
            "line": 54,
            "column": 1
          }
        },
        "line": 9
      },
      "1": {
        "name": "(anonymous_1)",
        "decl": {
          "start": {
            "line": 35,
            "column": 31
          },
          "end": {
            "line": 35,
            "column": 32
          }
        },
        "loc": {
          "start": {
            "line": 35,
            "column": 46
          },
          "end": {
            "line": 44,
            "column": 13
          }
        },
        "line": 35
      }
    },
    "branchMap": {
      "0": {
        "loc": {
          "start": {
            "line": 24,
            "column": 2
          },
          "end": {
            "line": 24,
            "column": 78
          }
        },
        "type": "if",
        "locations": [
          {
            "start": {
              "line": 24,
              "column": 2
            },
            "end": {
              "line": 24,
              "column": 78
            }
          },
          {
            "start": {
              "line": 24,
              "column": 2
            },
            "end": {
              "line": 24,
              "column": 78
            }
          }
        ],
        "line": 24
      },
      "1": {
        "loc": {
          "start": {
            "line": 25,
            "column": 2
          },
          "end": {
            "line": 25,
            "column": 81
          }
        },
        "type": "if",
        "locations": [
          {
            "start": {
              "line": 25,
              "column": 2
            },
            "end": {
              "line": 25,
              "column": 81
            }
          },
          {
            "start": {
              "line": 25,
              "column": 2
            },
            "end": {
              "line": 25,
              "column": 81
            }
          }
        ],
        "line": 25
      }
    },
    "s": {
      "0": 53,
      "1": 36,
      "2": 36,
      "3": 36,
      "4": 24,
      "5": 12,
      "6": 0,
      "7": 12,
      "8": 334
    },
    "f": {
      "0": 36,
      "1": 334
    },
    "b": {
      "0": [
        24,
        12
      ],
      "1": [
        0,
        12
      ]
    },
    "_coverageSchema": "1a1c01bbd47fc00a2c39e90264f33305004495a9",
    "hash": "167745af4aaf339a92e9e36bb18253b69b347d94"
  },
  "/usr/src/unifed/packages/frontend/src/components/AccountTab.tsx": {
    "path": "/usr/src/unifed/packages/frontend/src/components/AccountTab.tsx",
    "statementMap": {
      "0": {
        "start": {
          "line": 24,
          "column": 18
        },
        "end": {
          "line": 29,
          "column": 2
        }
      },
      "1": {
        "start": {
          "line": 31,
          "column": 19
        },
        "end": {
          "line": 102,
          "column": 1
        }
      },
      "2": {
        "start": {
          "line": 32,
          "column": 34
        },
        "end": {
          "line": 32,
          "column": 55
        }
      },
      "3": {
        "start": {
          "line": 34,
          "column": 30
        },
        "end": {
          "line": 36,
          "column": 3
        }
      },
      "4": {
        "start": {
          "line": 35,
          "column": 4
        },
        "end": {
          "line": 35,
          "column": 22
        }
      },
      "5": {
        "start": {
          "line": 38,
          "column": 22
        },
        "end": {
          "line": 40,
          "column": 3
        }
      },
      "6": {
        "start": {
          "line": 39,
          "column": 4
        },
        "end": {
          "line": 39,
          "column": 23
        }
      },
      "7": {
        "start": {
          "line": 42,
          "column": 26
        },
        "end": {
          "line": 73,
          "column": 3
        }
      },
      "8": {
        "start": {
          "line": 43,
          "column": 4
        },
        "end": {
          "line": 72,
          "column": 6
        }
      },
      "9": {
        "start": {
          "line": 75,
          "column": 18
        },
        "end": {
          "line": 75,
          "column": 29
        }
      },
      "10": {
        "start": {
          "line": 76,
          "column": 2
        },
        "end": {
          "line": 101,
          "column": 4
        }
      }
    },
    "fnMap": {
      "0": {
        "name": "(anonymous_0)",
        "decl": {
          "start": {
            "line": 31,
            "column": 19
          },
          "end": {
            "line": 31,
            "column": 20
          }
        },
        "loc": {
          "start": {
            "line": 31,
            "column": 61
          },
          "end": {
            "line": 102,
            "column": 1
          }
        },
        "line": 31
      },
      "1": {
        "name": "(anonymous_1)",
        "decl": {
          "start": {
            "line": 34,
            "column": 30
          },
          "end": {
            "line": 34,
            "column": 31
          }
        },
        "loc": {
          "start": {
            "line": 34,
            "column": 36
          },
          "end": {
            "line": 36,
            "column": 3
          }
        },
        "line": 34
      },
      "2": {
        "name": "(anonymous_2)",
        "decl": {
          "start": {
            "line": 38,
            "column": 22
          },
          "end": {
            "line": 38,
            "column": 23
          }
        },
        "loc": {
          "start": {
            "line": 38,
            "column": 28
          },
          "end": {
            "line": 40,
            "column": 3
          }
        },
        "line": 38
      },
      "3": {
        "name": "(anonymous_3)",
        "decl": {
          "start": {
            "line": 42,
            "column": 26
          },
          "end": {
            "line": 42,
            "column": 27
          }
        },
        "loc": {
          "start": {
            "line": 42,
            "column": 45
          },
          "end": {
            "line": 73,
            "column": 3
          }
        },
        "line": 42
      }
    },
    "branchMap": {},
    "s": {
      "0": 53,
      "1": 53,
      "2": 196,
      "3": 196,
      "4": 12,
      "5": 196,
      "6": 12,
      "7": 196,
      "8": 98,
      "9": 196,
      "10": 196
    },
    "f": {
      "0": 196,
      "1": 12,
      "2": 12,
      "3": 98
    },
    "b": {},
    "_coverageSchema": "1a1c01bbd47fc00a2c39e90264f33305004495a9",
    "hash": "a2813e18e93f4d905cf32bff6dce7338fd71e81c"
  },
  "/usr/src/unifed/packages/frontend/src/pages/AccountSettings.tsx": {
    "path": "/usr/src/unifed/packages/frontend/src/pages/AccountSettings.tsx",
    "statementMap": {
      "0": {
        "start": {
          "line": 22,
          "column": 4
        },
        "end": {
          "line": 22,
          "column": 17
        }
      },
      "1": {
        "start": {
          "line": 24,
          "column": 4
        },
        "end": {
          "line": 29,
          "column": 6
        }
      },
      "2": {
        "start": {
          "line": 30,
          "column": 4
        },
        "end": {
          "line": 30,
          "column": 59
        }
      },
      "3": {
        "start": {
          "line": 31,
          "column": 4
        },
        "end": {
          "line": 31,
          "column": 49
        }
      },
      "4": {
        "start": {
          "line": 32,
          "column": 4
        },
        "end": {
          "line": 32,
          "column": 59
        }
      },
      "5": {
        "start": {
          "line": 36,
          "column": 4
        },
        "end": {
          "line": 38,
          "column": 8
        }
      },
      "6": {
        "start": {
          "line": 36,
          "column": 25
        },
        "end": {
          "line": 38,
          "column": 5
        }
      },
      "7": {
        "start": {
          "line": 42,
          "column": 4
        },
        "end": {
          "line": 46,
          "column": 8
        }
      },
      "8": {
        "start": {
          "line": 42,
          "column": 25
        },
        "end": {
          "line": 46,
          "column": 5
        }
      },
      "9": {
        "start": {
          "line": 50,
          "column": 4
        },
        "end": {
          "line": 52,
          "column": 8
        }
      },
      "10": {
        "start": {
          "line": 50,
          "column": 25
        },
        "end": {
          "line": 52,
          "column": 5
        }
      },
      "11": {
        "start": {
          "line": 56,
          "column": 4
        },
        "end": {
          "line": 62,
          "column": 5
        }
      },
      "12": {
        "start": {
          "line": 57,
          "column": 6
        },
        "end": {
          "line": 61,
          "column": 9
        }
      },
      "13": {
        "start": {
          "line": 58,
          "column": 8
        },
        "end": {
          "line": 60,
          "column": 65
        }
      },
      "14": {
        "start": {
          "line": 58,
          "column": 19
        },
        "end": {
          "line": 58,
          "column": 42
        }
      },
      "15": {
        "start": {
          "line": 59,
          "column": 13
        },
        "end": {
          "line": 60,
          "column": 65
        }
      },
      "16": {
        "start": {
          "line": 60,
          "column": 10
        },
        "end": {
          "line": 60,
          "column": 65
        }
      },
      "17": {
        "start": {
          "line": 64,
          "column": 4
        },
        "end": {
          "line": 64,
          "column": 81
        }
      },
      "18": {
        "start": {
          "line": 64,
          "column": 54
        },
        "end": {
          "line": 64,
          "column": 81
        }
      },
      "19": {
        "start": {
          "line": 66,
          "column": 4
        },
        "end": {
          "line": 78,
          "column": 6
        }
      }
    },
    "fnMap": {
      "0": {
        "name": "(anonymous_0)",
        "decl": {
          "start": {
            "line": 21,
            "column": 2
          },
          "end": {
            "line": 21,
            "column": 3
          }
        },
        "loc": {
          "start": {
            "line": 21,
            "column": 30
          },
          "end": {
            "line": 33,
            "column": 3
          }
        },
        "line": 21
      },
      "1": {
        "name": "(anonymous_1)",
        "decl": {
          "start": {
            "line": 35,
            "column": 2
          },
          "end": {
            "line": 35,
            "column": 3
          }
        },
        "loc": {
          "start": {
            "line": 35,
            "column": 78
          },
          "end": {
            "line": 39,
            "column": 3
          }
        },
        "line": 35
      },
      "2": {
        "name": "(anonymous_2)",
        "decl": {
          "start": {
            "line": 36,
            "column": 18
          },
          "end": {
            "line": 36,
            "column": 19
          }
        },
        "loc": {
          "start": {
            "line": 36,
            "column": 25
          },
          "end": {
            "line": 38,
            "column": 5
          }
        },
        "line": 36
      },
      "3": {
        "name": "(anonymous_3)",
        "decl": {
          "start": {
            "line": 41,
            "column": 2
          },
          "end": {
            "line": 41,
            "column": 3
          }
        },
        "loc": {
          "start": {
            "line": 41,
            "column": 52
          },
          "end": {
            "line": 47,
            "column": 3
          }
        },
        "line": 41
      },
      "4": {
        "name": "(anonymous_4)",
        "decl": {
          "start": {
            "line": 42,
            "column": 18
          },
          "end": {
            "line": 42,
            "column": 19
          }
        },
        "loc": {
          "start": {
            "line": 42,
            "column": 25
          },
          "end": {
            "line": 46,
            "column": 5
          }
        },
        "line": 42
      },
      "5": {
        "name": "(anonymous_5)",
        "decl": {
          "start": {
            "line": 49,
            "column": 2
          },
          "end": {
            "line": 49,
            "column": 3
          }
        },
        "loc": {
          "start": {
            "line": 49,
            "column": 26
          },
          "end": {
            "line": 53,
            "column": 3
          }
        },
        "line": 49
      },
      "6": {
        "name": "(anonymous_6)",
        "decl": {
          "start": {
            "line": 50,
            "column": 18
          },
          "end": {
            "line": 50,
            "column": 19
          }
        },
        "loc": {
          "start": {
            "line": 50,
            "column": 25
          },
          "end": {
            "line": 52,
            "column": 5
          }
        },
        "line": 50
      },
      "7": {
        "name": "(anonymous_7)",
        "decl": {
          "start": {
            "line": 55,
            "column": 2
          },
          "end": {
            "line": 55,
            "column": 3
          }
        },
        "loc": {
          "start": {
            "line": 55,
            "column": 11
          },
          "end": {
            "line": 79,
            "column": 3
          }
        },
        "line": 55
      },
      "8": {
        "name": "(anonymous_8)",
        "decl": {
          "start": {
            "line": 57,
            "column": 36
          },
          "end": {
            "line": 57,
            "column": 37
          }
        },
        "loc": {
          "start": {
            "line": 57,
            "column": 46
          },
          "end": {
            "line": 61,
            "column": 7
          }
        },
        "line": 57
      }
    },
    "branchMap": {
      "0": {
        "loc": {
          "start": {
            "line": 56,
            "column": 4
          },
          "end": {
            "line": 62,
            "column": 5
          }
        },
        "type": "if",
        "locations": [
          {
            "start": {
              "line": 56,
              "column": 4
            },
            "end": {
              "line": 62,
              "column": 5
            }
          },
          {
            "start": {
              "line": 56,
              "column": 4
            },
            "end": {
              "line": 62,
              "column": 5
            }
          }
        ],
        "line": 56
      },
      "1": {
        "loc": {
          "start": {
            "line": 58,
            "column": 8
          },
          "end": {
            "line": 60,
            "column": 65
          }
        },
        "type": "if",
        "locations": [
          {
            "start": {
              "line": 58,
              "column": 8
            },
            "end": {
              "line": 60,
              "column": 65
            }
          },
          {
            "start": {
              "line": 58,
              "column": 8
            },
            "end": {
              "line": 60,
              "column": 65
            }
          }
        ],
        "line": 58
      },
      "2": {
        "loc": {
          "start": {
            "line": 59,
            "column": 13
          },
          "end": {
            "line": 60,
            "column": 65
          }
        },
        "type": "if",
        "locations": [
          {
            "start": {
              "line": 59,
              "column": 13
            },
            "end": {
              "line": 60,
              "column": 65
            }
          },
          {
            "start": {
              "line": 59,
              "column": 13
            },
            "end": {
              "line": 60,
              "column": 65
            }
          }
        ],
        "line": 59
      },
      "3": {
        "loc": {
          "start": {
            "line": 59,
            "column": 17
          },
          "end": {
            "line": 59,
            "column": 45
          }
        },
        "type": "binary-expr",
        "locations": [
          {
            "start": {
              "line": 59,
              "column": 17
            },
            "end": {
              "line": 59,
              "column": 30
            }
          },
          {
            "start": {
              "line": 59,
              "column": 34
            },
            "end": {
              "line": 59,
              "column": 45
            }
          }
        ],
        "line": 59
      },
      "4": {
        "loc": {
          "start": {
            "line": 64,
            "column": 4
          },
          "end": {
            "line": 64,
            "column": 81
          }
        },
        "type": "if",
        "locations": [
          {
            "start": {
              "line": 64,
              "column": 4
            },
            "end": {
              "line": 64,
              "column": 81
            }
          },
          {
            "start": {
              "line": 64,
              "column": 4
            },
            "end": {
              "line": 64,
              "column": 81
            }
          }
        ],
        "line": 64
      },
      "5": {
        "loc": {
          "start": {
            "line": 74,
            "column": 9
          },
          "end": {
            "line": 76,
            "column": 9
          }
        },
        "type": "binary-expr",
        "locations": [
          {
            "start": {
              "line": 74,
              "column": 9
            },
            "end": {
              "line": 74,
              "column": 37
            }
          },
          {
            "start": {
              "line": 75,
              "column": 10
            },
            "end": {
              "line": 75,
              "column": 80
            }
          }
        ],
        "line": 74
      }
    },
    "s": {
      "0": 52,
      "1": 52,
      "2": 52,
      "3": 52,
      "4": 52,
      "5": 24,
      "6": 48,
      "7": 36,
      "8": 72,
      "9": 10,
      "10": 10,
      "11": 182,
      "12": 52,
      "13": 46,
      "14": 10,
      "15": 36,
      "16": 36,
      "17": 182,
      "18": 10,
      "19": 172
    },
    "f": {
      "0": 52,
      "1": 24,
      "2": 48,
      "3": 36,
      "4": 72,
      "5": 10,
      "6": 10,
      "7": 182,
      "8": 46
    },
    "b": {
      "0": [
        52,
        130
      ],
      "1": [
        10,
        36
      ],
      "2": [
        36,
        0
      ],
      "3": [
        36,
        36
      ],
      "4": [
        10,
        172
      ],
      "5": [
        172,
        148
      ]
    },
    "_coverageSchema": "1a1c01bbd47fc00a2c39e90264f33305004495a9",
    "hash": "67425e1afed91f85a9f47a694acfe7b3eb5e56ff"
  },
  "/usr/src/unifed/packages/frontend/src/components/PostEditor.tsx": {
    "path": "/usr/src/unifed/packages/frontend/src/components/PostEditor.tsx",
    "statementMap": {
      "0": {
        "start": {
          "line": 11,
          "column": 19
        },
        "end": {
          "line": 11,
          "column": 45
        }
      },
      "1": {
        "start": {
          "line": 12,
          "column": 28
        },
        "end": {
          "line": 12,
          "column": 56
        }
      },
      "2": {
        "start": {
          "line": 14,
          "column": 20
        },
        "end": {
          "line": 22,
          "column": 3
        }
      },
      "3": {
        "start": {
          "line": 24,
          "column": 47
        },
        "end": {
          "line": 24,
          "column": 69
        }
      },
      "4": {
        "start": {
          "line": 26,
          "column": 2
        },
        "end": {
          "line": 26,
          "column": 46
        }
      },
      "5": {
        "start": {
          "line": 26,
          "column": 15
        },
        "end": {
          "line": 26,
          "column": 46
        }
      },
      "6": {
        "start": {
          "line": 27,
          "column": 2
        },
        "end": {
          "line": 27,
          "column": 36
        }
      },
      "7": {
        "start": {
          "line": 27,
          "column": 13
        },
        "end": {
          "line": 27,
          "column": 36
        }
      },
      "8": {
        "start": {
          "line": 28,
          "column": 2
        },
        "end": {
          "line": 31,
          "column": 3
        }
      },
      "9": {
        "start": {
          "line": 29,
          "column": 16
        },
        "end": {
          "line": 29,
          "column": 46
        }
      },
      "10": {
        "start": {
          "line": 30,
          "column": 4
        },
        "end": {
          "line": 30,
          "column": 33
        }
      },
      "11": {
        "start": {
          "line": 33,
          "column": 24
        },
        "end": {
          "line": 35,
          "column": 3
        }
      },
      "12": {
        "start": {
          "line": 41,
          "column": 22
        },
        "end": {
          "line": 52,
          "column": 3
        }
      },
      "13": {
        "start": {
          "line": 42,
          "column": 4
        },
        "end": {
          "line": 51,
          "column": 5
        }
      },
      "14": {
        "start": {
          "line": 43,
          "column": 20
        },
        "end": {
          "line": 43,
          "column": 32
        }
      },
      "15": {
        "start": {
          "line": 44,
          "column": 19
        },
        "end": {
          "line": 44,
          "column": 48
        }
      },
      "16": {
        "start": {
          "line": 46,
          "column": 6
        },
        "end": {
          "line": 50,
          "column": 7
        }
      },
      "17": {
        "start": {
          "line": 47,
          "column": 8
        },
        "end": {
          "line": 47,
          "column": 62
        }
      },
      "18": {
        "start": {
          "line": 49,
          "column": 8
        },
        "end": {
          "line": 49,
          "column": 40
        }
      },
      "19": {
        "start": {
          "line": 54,
          "column": 29
        },
        "end": {
          "line": 57,
          "column": 3
        }
      },
      "20": {
        "start": {
          "line": 55,
          "column": 21
        },
        "end": {
          "line": 55,
          "column": 44
        }
      },
      "21": {
        "start": {
          "line": 56,
          "column": 4
        },
        "end": {
          "line": 56,
          "column": 23
        }
      },
      "22": {
        "start": {
          "line": 59,
          "column": 2
        },
        "end": {
          "line": 89,
          "column": 4
        }
      },
      "23": {
        "start": {
          "line": 64,
          "column": 10
        },
        "end": {
          "line": 64,
          "column": 30
        }
      },
      "24": {
        "start": {
          "line": 80,
          "column": 42
        },
        "end": {
          "line": 80,
          "column": 73
        }
      }
    },
    "fnMap": {
      "0": {
        "name": "App",
        "decl": {
          "start": {
            "line": 10,
            "column": 24
          },
          "end": {
            "line": 10,
            "column": 27
          }
        },
        "loc": {
          "start": {
            "line": 10,
            "column": 30
          },
          "end": {
            "line": 90,
            "column": 1
          }
        },
        "line": 10
      },
      "1": {
        "name": "(anonymous_1)",
        "decl": {
          "start": {
            "line": 41,
            "column": 22
          },
          "end": {
            "line": 41,
            "column": 23
          }
        },
        "loc": {
          "start": {
            "line": 41,
            "column": 46
          },
          "end": {
            "line": 52,
            "column": 3
          }
        },
        "line": 41
      },
      "2": {
        "name": "(anonymous_2)",
        "decl": {
          "start": {
            "line": 54,
            "column": 29
          },
          "end": {
            "line": 54,
            "column": 30
          }
        },
        "loc": {
          "start": {
            "line": 54,
            "column": 61
          },
          "end": {
            "line": 57,
            "column": 3
          }
        },
        "line": 54
      },
      "3": {
        "name": "(anonymous_3)",
        "decl": {
          "start": {
            "line": 63,
            "column": 18
          },
          "end": {
            "line": 63,
            "column": 19
          }
        },
        "loc": {
          "start": {
            "line": 63,
            "column": 35
          },
          "end": {
            "line": 65,
            "column": 9
          }
        },
        "line": 63
      },
      "4": {
        "name": "(anonymous_4)",
        "decl": {
          "start": {
            "line": 80,
            "column": 24
          },
          "end": {
            "line": 80,
            "column": 25
          }
        },
        "loc": {
          "start": {
            "line": 80,
            "column": 42
          },
          "end": {
            "line": 80,
            "column": 73
          }
        },
        "line": 80
      }
    },
    "branchMap": {
      "0": {
        "loc": {
          "start": {
            "line": 26,
            "column": 2
          },
          "end": {
            "line": 26,
            "column": 46
          }
        },
        "type": "if",
        "locations": [
          {
            "start": {
              "line": 26,
              "column": 2
            },
            "end": {
              "line": 26,
              "column": 46
            }
          },
          {
            "start": {
              "line": 26,
              "column": 2
            },
            "end": {
              "line": 26,
              "column": 46
            }
          }
        ],
        "line": 26
      },
      "1": {
        "loc": {
          "start": {
            "line": 27,
            "column": 2
          },
          "end": {
            "line": 27,
            "column": 36
          }
        },
        "type": "if",
        "locations": [
          {
            "start": {
              "line": 27,
              "column": 2
            },
            "end": {
              "line": 27,
              "column": 36
            }
          },
          {
            "start": {
              "line": 27,
              "column": 2
            },
            "end": {
              "line": 27,
              "column": 36
            }
          }
        ],
        "line": 27
      },
      "2": {
        "loc": {
          "start": {
            "line": 28,
            "column": 2
          },
          "end": {
            "line": 31,
            "column": 3
          }
        },
        "type": "if",
        "locations": [
          {
            "start": {
              "line": 28,
              "column": 2
            },
            "end": {
              "line": 31,
              "column": 3
            }
          },
          {
            "start": {
              "line": 28,
              "column": 2
            },
            "end": {
              "line": 31,
              "column": 3
            }
          }
        ],
        "line": 28
      },
      "3": {
        "loc": {
          "start": {
            "line": 42,
            "column": 4
          },
          "end": {
            "line": 51,
            "column": 5
          }
        },
        "type": "if",
        "locations": [
          {
            "start": {
              "line": 42,
              "column": 4
            },
            "end": {
              "line": 51,
              "column": 5
            }
          },
          {
            "start": {
              "line": 42,
              "column": 4
            },
            "end": {
              "line": 51,
              "column": 5
            }
          }
        ],
        "line": 42
      }
    },
    "s": {
      "0": 276,
      "1": 276,
      "2": 276,
      "3": 276,
      "4": 276,
      "5": 12,
      "6": 264,
      "7": 0,
      "8": 264,
      "9": 12,
      "10": 12,
      "11": 252,
      "12": 252,
      "13": 6,
      "14": 6,
      "15": 6,
      "16": 6,
      "17": 6,
      "18": 0,
      "19": 252,
      "20": 120,
      "21": 120,
      "22": 252,
      "23": 6,
      "24": 66
    },
    "f": {
      "0": 276,
      "1": 6,
      "2": 120,
      "3": 6,
      "4": 66
    },
    "b": {
      "0": [
        12,
        264
      ],
      "1": [
        0,
        264
      ],
      "2": [
        12,
        252
      ],
      "3": [
        6,
        0
      ]
    },
    "_coverageSchema": "1a1c01bbd47fc00a2c39e90264f33305004495a9",
    "hash": "a46072768a9e32b703182266be80d3d26c2cc274"
  },
  "/usr/src/unifed/packages/frontend/src/pages/MakePost.tsx": {
    "path": "/usr/src/unifed/packages/frontend/src/pages/MakePost.tsx",
    "statementMap": {
      "0": {
        "start": {
          "line": 6,
          "column": 17
        },
        "end": {
          "line": 15,
          "column": 1
        }
      },
      "1": {
        "start": {
          "line": 7,
          "column": 2
        },
        "end": {
          "line": 14,
          "column": 4
        }
      }
    },
    "fnMap": {
      "0": {
        "name": "(anonymous_0)",
        "decl": {
          "start": {
            "line": 6,
            "column": 17
          },
          "end": {
            "line": 6,
            "column": 18
          }
        },
        "loc": {
          "start": {
            "line": 6,
            "column": 23
          },
          "end": {
            "line": 15,
            "column": 1
          }
        },
        "line": 6
      }
    },
    "branchMap": {},
    "s": {
      "0": 53,
      "1": 6
    },
    "f": {
      "0": 6
    },
    "b": {},
    "_coverageSchema": "1a1c01bbd47fc00a2c39e90264f33305004495a9",
    "hash": "b076b6a79b25d5720330109e95687bd8594717be"
  },
  "/usr/src/unifed/packages/frontend/src/components/CommentEditor.tsx": {
    "path": "/usr/src/unifed/packages/frontend/src/components/CommentEditor.tsx",
    "statementMap": {
      "0": {
        "start": {
          "line": 15,
          "column": 19
        },
        "end": {
          "line": 15,
          "column": 45
        }
      },
      "1": {
        "start": {
          "line": 16,
          "column": 28
        },
        "end": {
          "line": 16,
          "column": 56
        }
      },
      "2": {
        "start": {
          "line": 18,
          "column": 24
        },
        "end": {
          "line": 26,
          "column": 3
        }
      },
      "3": {
        "start": {
          "line": 28,
          "column": 31
        },
        "end": {
          "line": 28,
          "column": 57
        }
      },
      "4": {
        "start": {
          "line": 30,
          "column": 2
        },
        "end": {
          "line": 30,
          "column": 37
        }
      },
      "5": {
        "start": {
          "line": 30,
          "column": 12
        },
        "end": {
          "line": 30,
          "column": 37
        }
      },
      "6": {
        "start": {
          "line": 32,
          "column": 24
        },
        "end": {
          "line": 34,
          "column": 3
        }
      },
      "7": {
        "start": {
          "line": 36,
          "column": 22
        },
        "end": {
          "line": 47,
          "column": 3
        }
      },
      "8": {
        "start": {
          "line": 37,
          "column": 4
        },
        "end": {
          "line": 46,
          "column": 5
        }
      },
      "9": {
        "start": {
          "line": 38,
          "column": 19
        },
        "end": {
          "line": 38,
          "column": 48
        }
      },
      "10": {
        "start": {
          "line": 40,
          "column": 6
        },
        "end": {
          "line": 45,
          "column": 7
        }
      },
      "11": {
        "start": {
          "line": 41,
          "column": 22
        },
        "end": {
          "line": 41,
          "column": 55
        }
      },
      "12": {
        "start": {
          "line": 42,
          "column": 8
        },
        "end": {
          "line": 42,
          "column": 88
        }
      },
      "13": {
        "start": {
          "line": 44,
          "column": 8
        },
        "end": {
          "line": 44,
          "column": 40
        }
      },
      "14": {
        "start": {
          "line": 49,
          "column": 29
        },
        "end": {
          "line": 52,
          "column": 3
        }
      },
      "15": {
        "start": {
          "line": 50,
          "column": 21
        },
        "end": {
          "line": 50,
          "column": 44
        }
      },
      "16": {
        "start": {
          "line": 51,
          "column": 4
        },
        "end": {
          "line": 51,
          "column": 23
        }
      },
      "17": {
        "start": {
          "line": 54,
          "column": 2
        },
        "end": {
          "line": 79,
          "column": 4
        }
      },
      "18": {
        "start": {
          "line": 59,
          "column": 10
        },
        "end": {
          "line": 59,
          "column": 24
        }
      },
      "19": {
        "start": {
          "line": 71,
          "column": 34
        },
        "end": {
          "line": 71,
          "column": 65
        }
      }
    },
    "fnMap": {
      "0": {
        "name": "CommentEditor",
        "decl": {
          "start": {
            "line": 14,
            "column": 24
          },
          "end": {
            "line": 14,
            "column": 37
          }
        },
        "loc": {
          "start": {
            "line": 14,
            "column": 52
          },
          "end": {
            "line": 80,
            "column": 1
          }
        },
        "line": 14
      },
      "1": {
        "name": "(anonymous_1)",
        "decl": {
          "start": {
            "line": 36,
            "column": 22
          },
          "end": {
            "line": 36,
            "column": 23
          }
        },
        "loc": {
          "start": {
            "line": 36,
            "column": 28
          },
          "end": {
            "line": 47,
            "column": 3
          }
        },
        "line": 36
      },
      "2": {
        "name": "(anonymous_2)",
        "decl": {
          "start": {
            "line": 49,
            "column": 29
          },
          "end": {
            "line": 49,
            "column": 30
          }
        },
        "loc": {
          "start": {
            "line": 49,
            "column": 61
          },
          "end": {
            "line": 52,
            "column": 3
          }
        },
        "line": 49
      },
      "3": {
        "name": "(anonymous_3)",
        "decl": {
          "start": {
            "line": 58,
            "column": 18
          },
          "end": {
            "line": 58,
            "column": 19
          }
        },
        "loc": {
          "start": {
            "line": 58,
            "column": 24
          },
          "end": {
            "line": 60,
            "column": 9
          }
        },
        "line": 58
      },
      "4": {
        "name": "(anonymous_4)",
        "decl": {
          "start": {
            "line": 71,
            "column": 24
          },
          "end": {
            "line": 71,
            "column": 25
          }
        },
        "loc": {
          "start": {
            "line": 71,
            "column": 34
          },
          "end": {
            "line": 71,
            "column": 65
          }
        },
        "line": 71
      }
    },
    "branchMap": {
      "0": {
        "loc": {
          "start": {
            "line": 30,
            "column": 2
          },
          "end": {
            "line": 30,
            "column": 37
          }
        },
        "type": "if",
        "locations": [
          {
            "start": {
              "line": 30,
              "column": 2
            },
            "end": {
              "line": 30,
              "column": 37
            }
          },
          {
            "start": {
              "line": 30,
              "column": 2
            },
            "end": {
              "line": 30,
              "column": 37
            }
          }
        ],
        "line": 30
      },
      "1": {
        "loc": {
          "start": {
            "line": 37,
            "column": 4
          },
          "end": {
            "line": 46,
            "column": 5
          }
        },
        "type": "if",
        "locations": [
          {
            "start": {
              "line": 37,
              "column": 4
            },
            "end": {
              "line": 46,
              "column": 5
            }
          },
          {
            "start": {
              "line": 37,
              "column": 4
            },
            "end": {
              "line": 46,
              "column": 5
            }
          }
        ],
        "line": 37
      }
    },
    "s": {
      "0": 300,
      "1": 300,
      "2": 300,
      "3": 300,
      "4": 300,
      "5": 10,
      "6": 300,
      "7": 300,
      "8": 5,
      "9": 5,
      "10": 5,
      "11": 5,
      "12": 5,
      "13": 0,
      "14": 300,
      "15": 130,
      "16": 130,
      "17": 300,
      "18": 5,
      "19": 75
    },
    "f": {
      "0": 300,
      "1": 5,
      "2": 130,
      "3": 5,
      "4": 75
    },
    "b": {
      "0": [
        10,
        290
      ],
      "1": [
        5,
        0
      ]
    },
    "_coverageSchema": "1a1c01bbd47fc00a2c39e90264f33305004495a9",
    "hash": "ecdff8f631b16c0a0217701c46ea5795a6da6d60"
  },
  "/usr/src/unifed/packages/frontend/src/components/Comments.tsx": {
    "path": "/usr/src/unifed/packages/frontend/src/components/Comments.tsx",
    "statementMap": {
      "0": {
        "start": {
          "line": 10,
          "column": 17
        },
        "end": {
          "line": 48,
          "column": 1
        }
      },
      "1": {
        "start": {
          "line": 11,
          "column": 19
        },
        "end": {
          "line": 11,
          "column": 33
        }
      },
      "2": {
        "start": {
          "line": 13,
          "column": 23
        },
        "end": {
          "line": 24,
          "column": 3
        }
      },
      "3": {
        "start": {
          "line": 26,
          "column": 35
[...]
        }
      },
      "34": {
        "start": {
          "line": 56,
          "column": 8
        },
        "end": {
          "line": 56,
          "column": 46
        }
      },
      "35": {
        "start": {
          "line": 57,
          "column": 8
        },
        "end": {
          "line": 57,
          "column": 37
        }
      },
      "36": {
        "start": {
          "line": 60,
          "column": 26
        },
        "end": {
          "line": 60,
          "column": 80
        }
      },
      "37": {
        "start": {
          "line": 61,
          "column": 8
        },
        "end": {
          "line": 67,
          "column": 9
        }
      },
      "38": {
        "start": {
          "line": 62,
          "column": 12
        },
        "end": {
          "line": 62,
          "column": 39
        }
      },
      "39": {
        "start": {
          "line": 65,
          "column": 12
        },
        "end": {
          "line": 65,
          "column": 71
        }
      },
      "40": {
        "start": {
          "line": 66,
          "column": 12
        },
        "end": {
          "line": 66,
          "column": 19
        }
      },
      "41": {
        "start": {
          "line": 70,
          "column": 4
        },
        "end": {
          "line": 70,
          "column": 52
        }
      },
      "42": {
        "start": {
          "line": 72,
          "column": 0
        },
        "end": {
          "line": 74,
          "column": 3
        }
      },
      "43": {
        "start": {
          "line": 73,
          "column": 4
        },
        "end": {
          "line": 73,
          "column": 72
        }
      },
      "44": {
        "start": {
          "line": 75,
          "column": 0
        },
        "end": {
          "line": 77,
          "column": 3
        }
      },
      "45": {
        "start": {
          "line": 76,
          "column": 4
        },
        "end": {
          "line": 76,
          "column": 20
        }
      },
      "46": {
        "start": {
          "line": 78,
          "column": 0
        },
        "end": {
          "line": 80,
          "column": 3
        }
      },
      "47": {
        "start": {
          "line": 79,
          "column": 4
        },
        "end": {
          "line": 79,
          "column": 20
        }
      }
    },
    "fnMap": {
      "0": {
        "name": "getPost",
        "decl": {
          "start": {
            "line": 11,
            "column": 15
          },
          "end": {
            "line": 11,
            "column": 22
          }
        },
        "loc": {
          "start": {
            "line": 11,
            "column": 39
          },
          "end": {
            "line": 22,
            "column": 1
          }
        },
        "line": 11
      },
      "1": {
        "name": "(anonymous_1)",
        "decl": {
          "start": {
            "line": 26,
            "column": 16
          },
          "end": {
            "line": 26,
            "column": 17
          }
        },
        "loc": {
          "start": {
            "line": 26,
            "column": 36
          },
          "end": {
            "line": 50,
            "column": 1
          }
        },
        "line": 26
      },
      "2": {
        "name": "(anonymous_2)",
        "decl": {
          "start": {
            "line": 51,
            "column": 17
          },
          "end": {
            "line": 51,
            "column": 18
          }
        },
        "loc": {
          "start": {
            "line": 51,
            "column": 37
          },
          "end": {
            "line": 71,
            "column": 1
          }
        },
        "line": 51
      },
      "3": {
        "name": "(anonymous_3)",
        "decl": {
          "start": {
            "line": 72,
            "column": 28
          },
          "end": {
            "line": 72,
            "column": 29
          }
        },
        "loc": {
          "start": {
            "line": 72,
            "column": 46
          },
          "end": {
            "line": 74,
            "column": 1
          }
        },
        "line": 72
      },
      "4": {
        "name": "(anonymous_4)",
        "decl": {
          "start": {
            "line": 75,
            "column": 28
          },
          "end": {
            "line": 75,
            "column": 29
          }
        },
        "loc": {
          "start": {
            "line": 75,
            "column": 40
          },
          "end": {
            "line": 77,
            "column": 1
          }
        },
        "line": 75
      },
      "5": {
        "name": "(anonymous_5)",
        "decl": {
          "start": {
            "line": 78,
            "column": 31
          },
          "end": {
            "line": 78,
            "column": 32
          }
        },
        "loc": {
          "start": {
            "line": 78,
            "column": 43
          },
          "end": {
            "line": 80,
            "column": 1
          }
        },
        "line": 78
      }
    },
    "branchMap": {
      "0": {
        "loc": {
          "start": {
            "line": 13,
            "column": 4
          },
          "end": {
            "line": 21,
            "column": 5
          }
        },
        "type": "if",
        "locations": [
          {
            "start": {
              "line": 13,
              "column": 4
            },
            "end": {
              "line": 21,
              "column": 5
            }
          },
          {
            "start": {
              "line": 13,
              "column": 4
            },
            "end": {
              "line": 21,
              "column": 5
            }
          }
        ],
        "line": 13
      },
      "1": {
        "loc": {
          "start": {
            "line": 27,
            "column": 18
          },
          "end": {
            "line": 27,
            "column": 83
          }
        },
        "type": "cond-expr",
        "locations": [
          {
            "start": {
              "line": 27,
              "column": 56
            },
            "end": {
              "line": 27,
              "column": 79
            }
          },
          {
            "start": {
              "line": 27,
              "column": 82
            },
            "end": {
              "line": 27,
              "column": 83
            }
          }
        ],
        "line": 27
      },
      "2": {
        "loc": {
          "start": {
            "line": 28,
            "column": 20
          },
          "end": {
            "line": 28,
            "column": 94
          }
        },
        "type": "cond-expr",
        "locations": [
          {
            "start": {
              "line": 28,
              "column": 61
            },
            "end": {
              "line": 28,
              "column": 87
            }
          },
          {
            "start": {
              "line": 28,
              "column": 90
            },
            "end": {
              "line": 28,
              "column": 94
            }
          }
        ],
        "line": 28
      },
      "3": {
        "loc": {
          "start": {
            "line": 29,
            "column": 4
          },
          "end": {
            "line": 32,
            "column": 5
          }
        },
        "type": "if",
        "locations": [
          {
            "start": {
              "line": 29,
              "column": 4
            },
            "end": {
              "line": 32,
              "column": 5
            }
          },
          {
            "start": {
              "line": 29,
              "column": 4
            },
            "end": {
              "line": 32,
              "column": 5
            }
          }
        ],
        "line": 29
      },
      "4": {
        "loc": {
          "start": {
            "line": 33,
            "column": 4
          },
          "end": {
            "line": 36,
            "column": 5
          }
        },
        "type": "if",
        "locations": [
          {
            "start": {
              "line": 33,
              "column": 4
            },
            "end": {
              "line": 36,
              "column": 5
            }
          },
          {
            "start": {
              "line": 33,
              "column": 4
            },
            "end": {
              "line": 36,
              "column": 5
            }
          }
        ],
        "line": 33
      },
      "5": {
        "loc": {
          "start": {
            "line": 33,
            "column": 8
          },
          "end": {
            "line": 33,
            "column": 42
          }
        },
        "type": "binary-expr",
        "locations": [
          {
            "start": {
              "line": 33,
              "column": 8
            },
            "end": {
              "line": 33,
              "column": 24
            }
          },
          {
            "start": {
              "line": 33,
              "column": 28
            },
            "end": {
              "line": 33,
              "column": 42
            }
          }
        ],
        "line": 33
      },
      "6": {
        "loc": {
          "start": {
            "line": 38,
            "column": 4
          },
          "end": {
            "line": 40,
            "column": 5
          }
        },
        "type": "if",
        "locations": [
          {
            "start": {
              "line": 38,
              "column": 4
            },
            "end": {
              "line": 40,
              "column": 5
            }
          },
          {
            "start": {
              "line": 38,
              "column": 4
            },
            "end": {
              "line": 40,
              "column": 5
            }
          }
        ],
        "line": 38
      },
      "7": {
        "loc": {
          "start": {
            "line": 41,
            "column": 4
          },
          "end": {
            "line": 45,
            "column": 5
          }
        },
        "type": "if",
        "locations": [
          {
            "start": {
              "line": 41,
              "column": 4
            },
            "end": {
              "line": 45,
              "column": 5
            }
          },
          {
            "start": {
              "line": 41,
              "column": 4
            },
            "end": {
              "line": 45,
              "column": 5
            }
          }
        ],
        "line": 41
      },
      "8": {
        "loc": {
          "start": {
            "line": 47,
            "column": 15
          },
          "end": {
            "line": 47,
            "column": 25
          }
        },
        "type": "binary-expr",
        "locations": [
          {
            "start": {
              "line": 47,
              "column": 15
            },
            "end": {
              "line": 47,
              "column": 20
            }
          },
          {
            "start": {
              "line": 47,
              "column": 24
            },
            "end": {
              "line": 47,
              "column": 25
            }
          }
        ],
        "line": 47
      },
      "9": {
        "loc": {
          "start": {
            "line": 55,
            "column": 4
          },
          "end": {
            "line": 68,
            "column": 5
          }
        },
        "type": "if",
        "locations": [
          {
            "start": {
              "line": 55,
              "column": 4
            },
            "end": {
              "line": 68,
              "column": 5
            }
          },
          {
            "start": {
              "line": 55,
              "column": 4
            },
            "end": {
              "line": 68,
              "column": 5
            }
          }
        ],
        "line": 55
      },
      "10": {
        "loc": {
          "start": {
            "line": 61,
            "column": 8
          },
          "end": {
            "line": 67,
            "column": 9
          }
        },
        "type": "if",
        "locations": [
          {
            "start": {
              "line": 61,
              "column": 8
            },
            "end": {
              "line": 67,
              "column": 9
            }
          },
          {
            "start": {
              "line": 61,
              "column": 8
            },
            "end": {
              "line": 67,
              "column": 9
            }
          }
        ],
        "line": 61
      }
    },
    "s": {
      "0": 27,
      "1": 27,
      "2": 27,
      "3": 27,
      "4": 27,
      "5": 27,
      "6": 9547,
      "7": 9546,
      "8": 27,
      "9": 9519,
      "10": 9519,
      "11": 27,
      "12": 27,
      "13": 27,
      "14": 27,
      "15": 483,
      "16": 483,
      "17": 483,
      "18": 0,
      "19": 0,
      "20": 483,
      "21": 0,
      "22": 0,
      "23": 483,
      "24": 483,
      "25": 483,
      "26": 483,
      "27": 0,
      "28": 483,
      "29": 27,
      "30": 733,
      "31": 733,
      "32": 733,
      "33": 733,
      "34": 358,
      "35": 358,
      "36": 375,
      "37": 375,
      "38": 375,
      "39": 0,
      "40": 0,
      "41": 733,
      "42": 27,
      "43": 9519,
      "44": 27,
      "45": 0,
      "46": 27,
      "47": 0
    },
    "f": {
      "0": 9547,
      "1": 483,
      "2": 733,
      "3": 9519,
      "4": 0,
      "5": 0
    },
    "b": {
      "0": [
        27,
        9519
      ],
      "1": [
        0,
        483
      ],
      "2": [
        0,
        483
      ],
      "3": [
        0,
        483
      ],
      "4": [
        0,
        483
      ],
      "5": [
        483,
        0
      ],
      "6": [
        483,
        0
      ],
      "7": [
        0,
        483
      ],
      "8": [
        483,
        483
      ],
      "9": [
        358,
        375
      ],
      "10": [
        375,
        0
      ]
    },
    "inputSourceMap": {
      "version": 3,
      "file": "/usr/src/unifed/packages/backend/src/federation-server/posts.ts",
      "sources": [
        "/usr/src/unifed/packages/backend/src/federation-server/posts.ts"
      ],
      "names": [],
      "mappings": ";AAAA;;GAEG;;;AAEH,yDAAiD;AACjD,qCAAkF;AAClF,+DAAmD;AACnD,sCAA4D;AAE5D,KAAK,UAAU,OAAO,CAAC,GAAY,EAAE,GAAa,EAAE,IAAkB;IACpE,MAAM,IAAI,GAAG,MAAM,kBAAS,CAAC,QAAQ,CAAC,GAAG,CAAC,MAAM,CAAC,EAAE,CAAC,CAAC;IAErD,IAAI,IAAI,KAAK,IAAI,EAAE;QACjB,GAAG,CAAC,MAAM,CAAC,GAAG,CAAC,CAAC,IAAI,CAAC;YACnB,KAAK,EAAE,oBAAoB,GAAG,CAAC,MAAM,CAAC,EAAE,GAAG;SAC5C,CAAC,CAAC;KACJ;SAAM;QACL,GAAG,CAAC,MAAM,CAAC,IAAI,GAAG,IAAI,CAAC;QACvB,IAAI,EAAE,CAAC;KACR;AACH,CAAC;AAED,MAAM,MAAM,GAAG,kCAAW,EAAE,CAAC;AA2EV,wBAAM;AAzEzB,MAAM,CAAC,GAAG,CAAC,cAAc,EAAE,CAAC,CAAC;AAE7B,MAAM,CAAC,GAAG,CAAC,GAAG,EAAE,KAAK,EAAE,GAAG,EAAE,GAAG,EAAE,EAAE;IACjC,MAAM,KAAK,GAAG,OAAO,GAAG,CAAC,KAAK,CAAC,KAAK,KAAK,QAAQ,CAAC,CAAC,CAAC,MAAM,CAAC,GAAG,CAAC,KAAK,CAAC,KAAK,CAAC,CAAC,CAAC,CAAC,CAAC,CAAC;IAChF,MAAM,OAAO,GAAG,OAAO,GAAG,CAAC,KAAK,CAAC,QAAQ,KAAK,QAAQ,CAAC,CAAC,CAAC,MAAM,CAAC,GAAG,CAAC,KAAK,CAAC,QAAQ,CAAC,CAAC,CAAC,CAAC,IAAI,CAAC;IAE3F,IAAI,KAAK,CAAC,KAAK,CAAC,EAAE;QAChB,GAAG,CAAC,MAAM,CAAC,GAAG,CAAC,CAAC,IAAI,CAAC,EAAE,KAAK,EAAE,uCAAuC,EAAE,CAAC,CAAC;QACzE,OAAO;KACR;IAED,IAAI,OAAO,KAAK,IAAI,IAAI,KAAK,CAAC,OAAO,CAAC,EAAE;QACtC,GAAG,CAAC,MAAM,CAAC,GAAG,CAAC,CAAC,IAAI,CAAC,EAAE,KAAK,EAAE,2DAA2D,EAAE,CAAC,CAAC;QAC7F,OAAO;KACR;IAED,MAAM,MAAM,GAAQ,EAAE,CAAC;IAEvB,IAAI,GAAG,CAAC,KAAK,CAAC,SAAS,KAAK,SAAS,EAAE;QACrC,MAAM,CAAC,SAAS,GAAG,GAAG,CAAC,KAAK,CAAC,SAAS,CAAC;KACxC;IAED,IAAI,OAAO,EAAE;QACX,MAAM,CAAC,SAAS,GAAG;YACjB,IAAI,EAAE,IAAI,IAAI,CAAC,OAAO,GAAG,IAAI,CAAC,CAAC,WAAW,EAAE;SAC7C,CAAC;KACH;IAED,GAAG,CAAC,IAAI,CACN,MAAM,kBAAS,CAAC,IAAI,CAAC,MAAM,CAAC;SACzB,KAAK,CAAC,KAAK,IAAI,CAAC,CAAC;SACjB,QAAQ,CAAC,UAAU,CAAC;SACpB,IAAI,CAAC,WAAW,CAAC,CACrB,CAAC;AACJ,CAAC,CAAC,CAAC;AAEH,MAAM,CAAC,IAAI,CAAC,GAAG,EAAE,KAAK,EAAE,GAAG,EAAE,GAAG,EAAE,EAAE;IAClC,MAAM,OAAO,GAAG,GAAG,CAAC,IAAI,CAAC;IACzB,MAAM,IAAI,GAAG,gCAAY,CAAC,aAAI,EAAE,OAAe,CAAC,CAAC;IAEjD,MAAM,UAAU,GAAG,MAAM,kBAAS,CAAC,QAAQ,CAAC,OAAO,CAAC,MAAM,CAAC,CAAC;IAE5D,IAAI,UAAU,EAAE;QACd,IAAI,CAAC,SAAS,GAAG,UAAU,CAAC,SAAS,CAAC;QACtC,IAAI,CAAC,UAAU,GAAG,UAAU,CAAC;KAC9B;SAAM;QACL,MAAM,SAAS,GAAG,MAAM,uBAAc,CAAC,QAAQ,CAAC,OAAO,CAAC,MAAM,CAAC,CAAC;QAEhE,IAAI,SAAS,EAAE;YACb,IAAI,CAAC,SAAS,GAAG,SAAS,CAAC;SAC5B;aAAM;YACL,GAAG,CAAC,MAAM,CAAC,GAAG,CAAC,CAAC,IAAI,CAAC,EAAE,KAAK,EAAE,yBAAyB,EAAE,CAAC,CAAC;YAC3D,OAAO;SACR;KACF;IAED,gBAAgB;IAEhB,GAAG,CAAC,IAAI,CAAC,MAAM,kBAAS,CAAC,MAAM,CAAC,IAAI,CAAC,CAAC,CAAC;AACzC,CAAC,CAAC,CAAC;AAEH,MAAM,CAAC,GAAG,CAAC,MAAM,EAAE,OAAO,EAAE,KAAK,EAAE,CAAC,EAAE,GAAG,EAAE,EAAE;IAC3C,GAAG,CAAC,IAAI,CAAC,MAAM,GAAG,CAAC,MAAM,CAAC,IAAI,CAAC,QAAQ,CAAC,UAAU,CAAC,CAAC,YAAY,EAAE,CAAC,CAAC;AACtE,CAAC,CAAC,CAAC;AAEH,MAAM,CAAC,GAAG,CAAC,MAAM,EAAE,OAAO,EAAE,CAAC,CAAC,EAAE,GAAG,EAAE,EAAE;IACrC,GAAG,CAAC,MAAM,CAAC,GAAG,CAAC,CAAC;AAClB,CAAC,CAAC,CAAC;AAEH,MAAM,CAAC,MAAM,CAAC,MAAM,EAAE,OAAO,EAAE,CAAC,CAAC,EAAE,GAAG,EAAE,EAAE;IACxC,GAAG,CAAC,MAAM,CAAC,GAAG,CAAC,CAAC;AAClB,CAAC,CAAC,CAAC",
      "sourcesContent": [
        "/*\n * CS3099 Group A3\n */\n\nimport { plainToClass } from \"class-transformer\";\nimport { Response, Request, NextFunction, json as jsonBodyParser } from \"express\";\nimport { AsyncRouter } from \"express-async-router\";\nimport { Post, PostModel, CommunityModel } from \"../models\";\n\nasync function getPost(req: Request, res: Response, next: NextFunction) {\n  const post = await PostModel.findById(req.params.id);\n\n  if (post === null) {\n    res.status(404).json({\n      error: `Post not found: '${req.params.id}'`,\n    });\n  } else {\n    res.locals.post = post;\n    next();\n  }\n}\n\nconst router = AsyncRouter();\n\nrouter.use(jsonBodyParser());\n\nrouter.get(\"/\", async (req, res) => {\n  const limit = typeof req.query.limit === \"string\" ? Number(req.query.limit) : 0;\n  const minDate = typeof req.query.min_date === \"string\" ? Number(req.query.min_date) : null;\n\n  if (isNaN(limit)) {\n    res.status(400).json({ error: \"If 'limit' is set it must be a number\" });\n    return;\n  }\n\n  if (minDate !== null && isNaN(minDate)) {\n    res.status(400).json({ error: \"If 'min_date' is set it must be a number (unix timestamp)\" });\n    return;\n  }\n\n  const filter: any = {};\n\n  if (req.query.community !== undefined) {\n    filter.community = req.query.community;\n  }\n\n  if (minDate) {\n    filter.createdAt = {\n      $gte: new Date(minDate * 1000).toISOString(),\n    };\n  }\n\n  res.json(\n    await PostModel.find(filter)\n      .limit(limit || 0)\n      .populate(\"children\")\n      .sort(\"createdAt\"),\n  );\n});\n\nrouter.post(\"/\", async (req, res) => {\n  const postRaw = req.body;\n  const post = plainToClass(Post, postRaw as Post);\n\n  const parentPost = await PostModel.findById(postRaw.parent);\n\n  if (parentPost) {\n    post.community = parentPost.community;\n    post.parentPost = parentPost;\n  } else {\n    const community = await CommunityModel.findById(postRaw.parent);\n\n    if (community) {\n      post.community = community;\n    } else {\n      res.status(400).json({ error: \"Invalid field: 'parent'\" });\n      return;\n    }\n  }\n\n  // TODO validate\n\n  res.json(await PostModel.create(post));\n});\n\nrouter.get(\"/:id\", getPost, async (_, res) => {\n  res.json(await res.locals.post.populate(\"children\").execPopulate());\n});\n\nrouter.put(\"/:id\", getPost, (_, res) => {\n  res.status(501);\n});\n\nrouter.delete(\"/:id\", getPost, (_, res) => {\n  res.status(501);\n});\n\nexport { router as routes };\n"
      ]
    },
    "_coverageSchema": "1a1c01bbd47fc00a2c39e90264f33305004495a9",
    "hash": "6d2497772fcab3f97c2761ab50b54aaefe30f448"
  }
}